30-Nov-20 19:00:53 - INFO - Inspect job search results
30-Nov-20 19:02:22 - INFO - All available jobs ads collected.
30-Nov-20 19:02:22 - INFO - Multiprocessing available - 4 CPUs
30-Nov-20 19:02:22 - INFO - 0%|          | 0/978 [00:00<?, ?it/s]
30-Nov-20 19:02:25 - INFO - 2%|1         | 15/978 [00:02<02:57,  5.41it/s]
30-Nov-20 19:02:27 - INFO - 3%|3         | 30/978 [00:05<02:45,  5.73it/s]
30-Nov-20 19:02:29 - INFO - 5%|4         | 45/978 [00:07<02:30,  6.18it/s]
30-Nov-20 19:02:31 - INFO - 6%|6         | 60/978 [00:08<02:17,  6.70it/s]
30-Nov-20 19:02:33 - INFO - 8%|7         | 75/978 [00:10<02:12,  6.82it/s]
30-Nov-20 19:02:35 - INFO - 9%|9         | 90/978 [00:13<02:11,  6.74it/s]
30-Nov-20 19:02:37 - INFO - 11%|#         | 105/978 [00:15<02:06,  6.89it/s]
30-Nov-20 19:02:41 - INFO - 12%|#2        | 120/978 [00:18<02:27,  5.83it/s]
30-Nov-20 19:02:43 - INFO - 14%|#3        | 135/978 [00:20<02:14,  6.28it/s]
30-Nov-20 19:02:45 - INFO - 15%|#5        | 150/978 [00:22<02:06,  6.55it/s]
30-Nov-20 19:02:47 - INFO - 17%|#6        | 165/978 [00:25<02:03,  6.56it/s]
30-Nov-20 19:02:49 - INFO - 18%|#8        | 180/978 [00:27<01:57,  6.79it/s]
30-Nov-20 19:02:51 - INFO - 20%|#9        | 195/978 [00:29<01:54,  6.86it/s]
30-Nov-20 19:02:53 - INFO - 21%|##1       | 210/978 [00:30<01:43,  7.42it/s]
30-Nov-20 19:02:55 - INFO - 23%|##3       | 225/978 [00:32<01:42,  7.32it/s]
30-Nov-20 19:02:57 - INFO - 25%|##4       | 240/978 [00:34<01:40,  7.38it/s]
30-Nov-20 19:02:59 - INFO - 26%|##6       | 255/978 [00:37<01:38,  7.34it/s]
30-Nov-20 19:03:01 - INFO - 28%|##7       | 270/978 [00:38<01:33,  7.57it/s]
30-Nov-20 19:03:03 - INFO - 29%|##9       | 285/978 [00:40<01:29,  7.73it/s]
30-Nov-20 19:03:05 - INFO - 31%|###       | 300/978 [00:42<01:31,  7.38it/s]
30-Nov-20 19:03:07 - INFO - 32%|###2      | 315/978 [00:44<01:27,  7.54it/s]
30-Nov-20 19:03:09 - INFO - 34%|###3      | 330/978 [00:46<01:27,  7.44it/s]
30-Nov-20 19:03:11 - INFO - 35%|###5      | 345/978 [00:49<01:26,  7.28it/s]
30-Nov-20 19:03:13 - INFO - 37%|###6      | 360/978 [00:51<01:25,  7.20it/s]
30-Nov-20 19:03:15 - INFO - 38%|###8      | 375/978 [00:53<01:23,  7.21it/s]
30-Nov-20 19:03:17 - INFO - 40%|###9      | 390/978 [00:55<01:20,  7.28it/s]
30-Nov-20 19:03:20 - INFO - 41%|####1     | 405/978 [00:57<01:19,  7.22it/s]
30-Nov-20 19:03:22 - INFO - 43%|####2     | 420/978 [00:59<01:17,  7.24it/s]
30-Nov-20 19:03:24 - INFO - 44%|####4     | 435/978 [01:01<01:14,  7.25it/s]
30-Nov-20 19:03:26 - INFO - 46%|####6     | 450/978 [01:03<01:14,  7.11it/s]
30-Nov-20 19:03:28 - INFO - 48%|####7     | 465/978 [01:05<01:12,  7.12it/s]
30-Nov-20 19:03:30 - INFO - 49%|####9     | 480/978 [01:07<01:06,  7.51it/s]
30-Nov-20 19:03:32 - INFO - 51%|#####     | 495/978 [01:09<01:03,  7.56it/s]
30-Nov-20 19:03:34 - INFO - 52%|#####2    | 510/978 [01:11<01:04,  7.22it/s]
30-Nov-20 19:03:36 - INFO - 54%|#####3    | 525/978 [01:14<01:04,  7.03it/s]
30-Nov-20 19:03:38 - INFO - 55%|#####5    | 540/978 [01:15<00:58,  7.48it/s]
30-Nov-20 19:03:40 - INFO - 57%|#####6    | 555/978 [01:17<00:57,  7.36it/s]
30-Nov-20 19:03:42 - INFO - 58%|#####8    | 570/978 [01:20<00:56,  7.23it/s]
30-Nov-20 19:03:45 - INFO - 60%|#####9    | 585/978 [01:22<00:58,  6.75it/s]
30-Nov-20 19:03:47 - INFO - 61%|######1   | 600/978 [01:24<00:53,  7.11it/s]
30-Nov-20 19:03:49 - INFO - 63%|######2   | 615/978 [01:26<00:51,  7.02it/s]
30-Nov-20 19:03:51 - INFO - 64%|######4   | 630/978 [01:28<00:46,  7.44it/s]
30-Nov-20 19:03:53 - INFO - 66%|######5   | 645/978 [01:30<00:45,  7.31it/s]
30-Nov-20 19:03:55 - INFO - 67%|######7   | 660/978 [01:32<00:43,  7.28it/s]
30-Nov-20 19:03:57 - INFO - 69%|######9   | 675/978 [01:34<00:42,  7.19it/s]
30-Nov-20 19:03:59 - INFO - 71%|#######   | 690/978 [01:37<00:42,  6.73it/s]
30-Nov-20 19:04:01 - INFO - 72%|#######2  | 705/978 [01:39<00:39,  6.94it/s]
30-Nov-20 19:04:04 - INFO - 74%|#######3  | 720/978 [01:41<00:37,  6.84it/s]
30-Nov-20 19:04:06 - INFO - 75%|#######5  | 735/978 [01:43<00:35,  6.76it/s]
30-Nov-20 19:04:09 - INFO - 77%|#######6  | 750/978 [01:46<00:34,  6.52it/s]
30-Nov-20 19:04:12 - INFO - 78%|#######8  | 765/978 [01:49<00:36,  5.87it/s]
30-Nov-20 19:04:14 - INFO - 80%|#######9  | 780/978 [01:51<00:31,  6.32it/s]
30-Nov-20 19:04:16 - INFO - 81%|########1 | 795/978 [01:54<00:30,  6.05it/s]
30-Nov-20 19:04:20 - INFO - 83%|########2 | 810/978 [01:57<00:30,  5.50it/s]
30-Nov-20 19:04:21 - INFO - 84%|########4 | 825/978 [01:58<00:23,  6.43it/s]
30-Nov-20 19:04:23 - INFO - 86%|########5 | 840/978 [02:00<00:20,  6.71it/s]
30-Nov-20 19:04:26 - INFO - 87%|########7 | 855/978 [02:03<00:18,  6.51it/s]
30-Nov-20 19:04:28 - INFO - 89%|########8 | 870/978 [02:05<00:16,  6.70it/s]
30-Nov-20 19:04:30 - INFO - 90%|######### | 885/978 [02:07<00:13,  6.66it/s]
30-Nov-20 19:04:33 - INFO - 92%|#########2| 900/978 [02:11<00:13,  5.90it/s]
30-Nov-20 19:04:35 - INFO - 94%|#########3| 915/978 [02:12<00:09,  6.32it/s]
30-Nov-20 19:04:38 - INFO - 95%|#########5| 930/978 [02:16<00:08,  5.66it/s]
30-Nov-20 19:04:42 - INFO - 97%|#########6| 945/978 [02:20<00:06,  4.96it/s]
30-Nov-20 19:04:45 - INFO - 98%|#########8| 960/978 [02:22<00:03,  5.23it/s]
30-Nov-20 19:04:47 - INFO - 100%|#########9| 975/978 [02:24<00:00,  5.86it/s]
30-Nov-20 19:04:47 - INFO - 100%|##########| 978/978 [02:25<00:00,  6.74it/s]
30-Nov-20 19:04:47 - INFO - 31 Jobs failed to be parsed
30-Nov-20 19:04:47 - INFO - NumExpr defaulting to 4 threads.
